TN:
SF:api/movies.js
FN:1,module.exports
FNF:1
FNH:1
FNDA:1,module.exports
DA:1,1
DA:2,1
DA:3,1
DA:4,1
DA:5,1
DA:6,1
DA:7,1
DA:8,1
DA:9,1
DA:10,1
DA:11,0
DA:12,0
DA:13,1
DA:14,1
DA:15,1
DA:16,1
DA:17,1
DA:18,1
DA:19,1
DA:20,1
DA:21,1
DA:22,1
DA:23,1
DA:24,1
DA:25,1
DA:26,1
DA:27,1
DA:28,1
DA:29,1
DA:30,1
DA:31,1
DA:32,0
DA:33,0
DA:34,1
DA:35,1
DA:36,1
DA:37,1
DA:38,1
DA:39,1
DA:40,1
DA:41,1
LF:41
LH:37
BRDA:1,0,0,1
BRDA:3,1,0,1
BRDA:7,2,0,0
BRDA:10,3,0,0
BRDA:17,4,0,1
BRDA:19,5,0,0
BRDA:25,6,0,1
BRDA:31,7,0,0
BRF:8
BRH:4
end_of_record
TN:
SF:config/database.js
FN:4,connect
FN:12,disconnect
FNF:2
FNH:1
FNDA:0,connect
FNDA:1,disconnect
DA:1,1
DA:2,1
DA:3,1
DA:4,0
DA:5,0
DA:6,0
DA:7,0
DA:8,0
DA:9,0
DA:10,0
DA:11,1
DA:12,1
DA:13,1
DA:14,0
DA:15,0
DA:16,0
DA:17,0
DA:18,1
DA:19,1
LF:19
LH:8
BRDA:12,0,0,1
BRDA:13,1,0,0
BRF:2
BRH:1
end_of_record
TN:
SF:server/server.js
FN:7,start
FN:35,stop
FN:38,server
FNF:3
FNH:3
FNDA:2,start
FNDA:3,stop
FNDA:2,server
DA:1,1
DA:2,1
DA:3,1
DA:4,1
DA:5,1
DA:6,1
DA:7,2
DA:8,2
DA:9,0
DA:10,0
DA:11,2
DA:12,2
DA:13,2
DA:14,2
DA:15,2
DA:16,2
DA:17,2
DA:18,1
DA:19,2
DA:20,2
DA:21,2
DA:22,2
DA:23,2
DA:24,0
DA:25,0
DA:26,2
DA:27,2
DA:28,2
DA:29,2
DA:30,2
DA:31,2
DA:32,2
DA:33,2
DA:34,1
DA:35,3
DA:36,3
DA:37,2
DA:38,2
DA:39,2
DA:40,2
DA:41,2
DA:42,2
DA:43,2
DA:44,1
DA:45,1
LF:45
LH:41
BRDA:7,0,0,2
BRDA:8,1,0,0
BRDA:8,2,0,0
BRDA:17,3,0,1
BRDA:28,4,0,2
BRDA:35,5,0,3
BRDA:36,6,0,2
BRDA:36,7,0,1
BRDA:38,8,0,2
BRDA:39,9,0,2
BRDA:39,10,0,0
BRF:11
BRH:8
end_of_record
